財團法人聯合信用卡處理中心:INSERT INTO bank_attr (bank_nm,bank_code,Data_dt) VALUES ('財團法人聯合信用卡處理中心','N000',date_trunc('day',NOW()));
台灣美國運通國際(股)公司:INSERT INTO bank_attr (bank_nm,bank_code,Data_dt) VALUES ('台灣美國運通國際(股)公司','N001',date_trunc('day',NOW()));
合作金庫銀行:INSERT INTO bank_attr (bank_nm,bank_code,Data_dt) VALUES ('合作金庫銀行','N002',date_trunc('day',NOW()));
小計:INSERT INTO bank_attr (bank_nm,bank_code,Data_dt) VALUES ('小計','N003',date_trunc('day',NOW()));
台灣永旺信用卡(股)公司:INSERT INTO bank_attr (bank_nm,bank_code,Data_dt) VALUES ('台灣永旺信用卡(股)公司','N004',date_trunc('day',NOW()));
台灣大來國際信用卡(股)公司:INSERT INTO bank_attr (bank_nm,bank_code,Data_dt) VALUES ('台灣大來國際信用卡(股)公司','N005',date_trunc('day',NOW()));
香港商台灣環匯亞太信用卡:INSERT INTO bank_attr (bank_nm,bank_code,Data_dt) VALUES ('香港商台灣環匯亞太信用卡','N006',date_trunc('day',NOW()));
總:INSERT INTO bank_attr (bank_nm,bank_code,Data_dt) VALUES ('總','N007',date_trunc('day',NOW()));
臺中商業銀行:INSERT INTO bank_attr (bank_nm,bank_code,Data_dt) VALUES ('臺中商業銀行','N008',date_trunc('day',NOW()));
友邦國際信用卡:INSERT INTO bank_attr (bank_nm,bank_code,Data_dt) VALUES ('友邦國際信用卡','N009',date_trunc('day',NOW()));
永豐信用卡:INSERT INTO bank_attr (bank_nm,bank_code,Data_dt) VALUES ('永豐信用卡','N010',date_trunc('day',NOW()));
亞洲信託投資公司:INSERT INTO bank_attr (bank_nm,bank_code,Data_dt) VALUES ('亞洲信託投資公司','N011',date_trunc('day',NOW()));
小計:INSERT INTO bank_attr (bank_nm,bank_code,Data_dt) VALUES ('小計','N030',date_trunc('day',NOW()));
總:INSERT INTO bank_attr (bank_nm,bank_code,Data_dt) VALUES ('總','N031',date_trunc('day',NOW()));
財團法人聯合信用卡處理中心:INSERT INTO bank_attr (bank_nm,bank_code,Data_dt) VALUES ('財團法人聯合信用卡處理中心','N032',date_trunc('day',NOW()));
友邦國際信用卡:INSERT INTO bank_attr (bank_nm,bank_code,Data_dt) VALUES ('友邦國際信用卡','N033',date_trunc('day',NOW()));
台灣永旺信用卡:INSERT INTO bank_attr (bank_nm,bank_code,Data_dt) VALUES ('台灣永旺信用卡','N034',date_trunc('day',NOW()));
永豐信用卡:INSERT INTO bank_attr (bank_nm,bank_code,Data_dt) VALUES ('永豐信用卡','N035',date_trunc('day',NOW()));
亞洲信託投資公司:INSERT INTO bank_attr (bank_nm,bank_code,Data_dt) VALUES ('亞洲信託投資公司','N036',date_trunc('day',NOW()));
台灣大來國際信用卡:INSERT INTO bank_attr (bank_nm,bank_code,Data_dt) VALUES ('台灣大來國際信用卡','N037',date_trunc('day',NOW()));
台灣美國運通國際:INSERT INTO bank_attr (bank_nm,bank_code,Data_dt) VALUES ('台灣美國運通國際','N038',date_trunc('day',NOW()));
香港商台灣環匯亞太信用卡:INSERT INTO bank_attr (bank_nm,bank_code,Data_dt) VALUES ('香港商台灣環匯亞太信用卡','N039',date_trunc('day',NOW()));
台灣美國運通國際(股)公司:INSERT INTO bank_attr (bank_nm,bank_code,Data_dt) VALUES ('台灣美國運通國際(股)公司','N040',date_trunc('day',NOW()));
台灣永旺信用卡(股)公司:INSERT INTO bank_attr (bank_nm,bank_code,Data_dt) VALUES ('台灣永旺信用卡(股)公司','N041',date_trunc('day',NOW()));
台灣大來國際信用卡(股)公司:INSERT INTO bank_attr (bank_nm,bank_code,Data_dt) VALUES ('台灣大來國際信用卡(股)公司','N042',date_trunc('day',NOW()));
